OMP_NUM_THREADS: 1
Total density after 100 timesteps: 140880

 Performance counter stats for './fluid_sim':

    38,221,276,537      cycles                                                        (57.14%)
    86,794,562,680      instructions              #    2.27  insn per cycle                                              (71.43%)
         8,511,640      branch-misses                                                 (71.43%)
    20,971,089,358      L1-dcache-loads                                               (71.41%)
     1,954,942,364      L1-dcache-load-misses     #    9.32% of all L1-dcache hits    (28.57%)
                 0      mem-loads                                                     (28.57%)
     4,656,954,425      mem-stores                                                    (42.85%)

      12.423159025 seconds time elapsed

      12.379200000 seconds user
       0.040994000 seconds sys

OMP_NUM_THREADS: 2
Total density after 100 timesteps: 140880

 Performance counter stats for './fluid_sim_par':

    40,146,286,895      cycles                                                        (57.15%)
    87,177,407,248      instructions              #    2.17  insn per cycle                                              (71.43%)
         9,194,281      branch-misses                                                 (71.44%)
    21,032,720,748      L1-dcache-loads                                               (71.39%)
     1,964,895,648      L1-dcache-load-misses     #    9.34% of all L1-dcache hits    (28.56%)
                 0      mem-loads                                                     (28.56%)
     4,673,985,180      mem-stores                                                    (42.85%)

       6.589863003 seconds time elapsed

      13.076996000 seconds user
       0.070026000 seconds sys

OMP_NUM_THREADS: 3
Total density after 100 timesteps: 140880

 Performance counter stats for './fluid_sim_par':

    40,662,996,171      cycles                                                        (57.15%)
    87,059,259,247      instructions              #    2.14  insn per cycle                                              (71.42%)
         9,154,590      branch-misses                                                 (71.42%)
    21,124,902,626      L1-dcache-loads                                               (71.39%)
     1,994,067,238      L1-dcache-load-misses     #    9.44% of all L1-dcache hits    (28.58%)
                 0      mem-loads                                                     (28.59%)
     4,551,466,330      mem-stores                                                    (42.86%)

       4.468337836 seconds time elapsed

      13.292595000 seconds user
       0.066982000 seconds sys

OMP_NUM_THREADS: 4
Total density after 100 timesteps: 140880

 Performance counter stats for './fluid_sim_par':

    42,152,689,642      cycles                                                        (57.13%)
    87,712,039,619      instructions              #    2.08  insn per cycle                                              (71.43%)
         9,372,364      branch-misses                                                 (71.44%)
    21,130,656,125      L1-dcache-loads                                               (71.33%)
     1,977,992,440      L1-dcache-load-misses     #    9.36% of all L1-dcache hits    (28.56%)
                 0      mem-loads                                                     (28.56%)
     4,670,965,062      mem-stores                                                    (42.84%)

       3.515581774 seconds time elapsed

      13.916952000 seconds user
       0.081999000 seconds sys

OMP_NUM_THREADS: 5
Total density after 100 timesteps: 140880

 Performance counter stats for './fluid_sim_par':

    43,003,252,766      cycles                                                        (57.14%)
    87,819,327,530      instructions              #    2.04  insn per cycle                                              (71.43%)
         9,512,302      branch-misses                                                 (71.42%)
    21,157,154,618      L1-dcache-loads                                               (71.31%)
     1,991,151,987      L1-dcache-load-misses     #    9.41% of all L1-dcache hits    (28.58%)
                 0      mem-loads                                                     (28.57%)
     4,672,778,285      mem-stores                                                    (42.86%)

       2.950516034 seconds time elapsed

      14.567316000 seconds user
       0.086013000 seconds sys

OMP_NUM_THREADS: 6
Total density after 100 timesteps: 140880

 Performance counter stats for './fluid_sim_par':

    45,540,293,781      cycles                                                        (57.11%)
    88,303,821,666      instructions              #    1.94  insn per cycle                                              (71.41%)
        10,090,788      branch-misses                                                 (71.45%)
    21,197,580,161      L1-dcache-loads                                               (71.36%)
     1,952,070,530      L1-dcache-load-misses     #    9.21% of all L1-dcache hits    (28.55%)
                 0      mem-loads                                                     (28.54%)
     4,778,786,270      mem-stores                                                    (42.82%)

       2.623499433 seconds time elapsed

      15.583502000 seconds user
       0.070984000 seconds sys

OMP_NUM_THREADS: 7
Total density after 100 timesteps: 140880

 Performance counter stats for './fluid_sim_par':

    45,418,506,891      cycles                                                        (57.14%)
    88,402,860,099      instructions              #    1.95  insn per cycle                                              (71.43%)
         9,770,639      branch-misses                                                 (71.43%)
    21,226,128,916      L1-dcache-loads                                               (71.41%)
     1,972,293,640      L1-dcache-load-misses     #    9.29% of all L1-dcache hits    (28.57%)
                 0      mem-loads                                                     (28.57%)
     4,701,107,367      mem-stores                                                    (42.85%)

       2.276004585 seconds time elapsed

      15.682253000 seconds user
       0.076010000 seconds sys

OMP_NUM_THREADS: 8
Total density after 100 timesteps: 140880

 Performance counter stats for './fluid_sim_par':

    49,139,314,123      cycles                                                        (57.12%)
    89,035,849,695      instructions              #    1.81  insn per cycle                                              (71.43%)
        10,189,769      branch-misses                                                 (71.44%)
    21,224,701,242      L1-dcache-loads                                               (71.35%)
     1,999,303,196      L1-dcache-load-misses     #    9.42% of all L1-dcache hits    (28.56%)
                 0      mem-loads                                                     (28.56%)
     4,731,163,985      mem-stores                                                    (42.84%)

       2.195387368 seconds time elapsed

      17.309386000 seconds user
       0.081025000 seconds sys

OMP_NUM_THREADS: 9
Total density after 100 timesteps: 140880

 Performance counter stats for './fluid_sim_par':

    49,443,524,148      cycles                                                        (57.14%)
    89,412,244,608      instructions              #    1.81  insn per cycle                                              (71.43%)
        10,378,145      branch-misses                                                 (71.43%)
    21,385,946,869      L1-dcache-loads                                               (71.19%)
     2,000,661,519      L1-dcache-load-misses     #    9.36% of all L1-dcache hits    (28.57%)
             3,327      mem-loads                                                     (28.59%)
     4,646,216,946      mem-stores                                                    (42.86%)

       1.976402246 seconds time elapsed

      17.574359000 seconds user
       0.085021000 seconds sys

OMP_NUM_THREADS: 10
Total density after 100 timesteps: 140880

 Performance counter stats for './fluid_sim_par':

    52,337,886,961      cycles                                                        (57.14%)
    89,424,013,748      instructions              #    1.71  insn per cycle                                              (71.44%)
        10,833,825      branch-misses                                                 (71.48%)
    21,388,642,840      L1-dcache-loads                                               (71.27%)
     2,003,419,902      L1-dcache-load-misses     #    9.37% of all L1-dcache hits    (28.52%)
                 0      mem-loads                                                     (28.53%)
     4,727,785,181      mem-stores                                                    (42.83%)

       1.909951627 seconds time elapsed

      18.782062000 seconds user
       0.113976000 seconds sys

OMP_NUM_THREADS: 11
Total density after 100 timesteps: 140880

 Performance counter stats for './fluid_sim_par':

    51,929,483,843      cycles                                                        (57.11%)
    90,404,944,626      instructions              #    1.74  insn per cycle                                              (71.43%)
        10,230,131      branch-misses                                                 (71.48%)
    21,567,471,890      L1-dcache-loads                                               (70.43%)
     2,031,593,080      L1-dcache-load-misses     #    9.42% of all L1-dcache hits    (28.52%)
           197,313      mem-loads                                                     (29.34%)
     4,672,949,884      mem-stores                                                    (42.80%)

       1.713716701 seconds time elapsed

      18.605772000 seconds user
       0.081981000 seconds sys

OMP_NUM_THREADS: 12
Total density after 100 timesteps: 140880

 Performance counter stats for './fluid_sim_par':

    50,415,686,105      cycles                                                        (57.16%)
    89,811,461,227      instructions              #    1.78  insn per cycle                                              (71.45%)
        10,302,312      branch-misses                                                 (71.42%)
    21,410,554,557      L1-dcache-loads                                               (71.30%)
     2,031,330,405      L1-dcache-load-misses     #    9.49% of all L1-dcache hits    (28.58%)
                 0      mem-loads                                                     (28.58%)
     4,715,350,131      mem-stores                                                    (42.87%)

       1.537135455 seconds time elapsed

      18.107792000 seconds user
       0.131983000 seconds sys

OMP_NUM_THREADS: 13
Total density after 100 timesteps: 140880

 Performance counter stats for './fluid_sim_par':

    60,608,477,608      cycles                                                        (57.22%)
    91,811,828,495      instructions              #    1.51  insn per cycle                                              (71.49%)
        11,740,890      branch-misses                                                 (71.44%)
    21,767,273,851      L1-dcache-loads                                               (71.28%)
     2,015,687,552      L1-dcache-load-misses     #    9.26% of all L1-dcache hits    (28.56%)
                 0      mem-loads                                                     (28.61%)
     4,658,865,521      mem-stores                                                    (42.91%)

       1.706920337 seconds time elapsed

      21.781270000 seconds user
       0.134013000 seconds sys

OMP_NUM_THREADS: 14
Total density after 100 timesteps: 140880

 Performance counter stats for './fluid_sim_par':

    61,997,478,813      cycles                                                        (57.12%)
    91,236,554,323      instructions              #    1.47  insn per cycle                                              (71.43%)
        12,099,128      branch-misses                                                 (71.49%)
    21,663,803,614      L1-dcache-loads                                               (71.25%)
     2,019,790,136      L1-dcache-load-misses     #    9.32% of all L1-dcache hits    (28.51%)
                 0      mem-loads                                                     (28.51%)
     4,676,448,705      mem-stores                                                    (42.81%)

       1.617107601 seconds time elapsed

      22.318515000 seconds user
       0.100943000 seconds sys

OMP_NUM_THREADS: 15
Total density after 100 timesteps: 140880

 Performance counter stats for './fluid_sim_par':

    65,430,884,101      cycles                                                        (57.12%)
    92,301,922,003      instructions              #    1.41  insn per cycle                                              (71.42%)
        12,328,837      branch-misses                                                 (71.45%)
    21,843,676,335      L1-dcache-loads                                               (71.24%)
     2,046,823,902      L1-dcache-load-misses     #    9.37% of all L1-dcache hits    (28.55%)
                 0      mem-loads                                                     (28.54%)
     4,699,243,235      mem-stores                                                    (42.83%)

       1.603830030 seconds time elapsed

      23.591022000 seconds user
       0.152948000 seconds sys

OMP_NUM_THREADS: 16
Total density after 100 timesteps: 140880

 Performance counter stats for './fluid_sim_par':

    66,512,407,036      cycles                                                        (57.14%)
    94,978,410,380      instructions              #    1.43  insn per cycle                                              (71.43%)
        10,944,259      branch-misses                                                 (71.43%)
    22,200,948,702      L1-dcache-loads                                               (67.09%)
     2,100,631,038      L1-dcache-load-misses     #    9.46% of all L1-dcache hits    (29.60%)
           380,105      mem-loads                                                     (31.28%)
     4,750,618,525      mem-stores                                                    (43.60%)

       1.507475496 seconds time elapsed

      23.741018000 seconds user
       0.134022000 seconds sys

OMP_NUM_THREADS: 17
Total density after 100 timesteps: 140880

 Performance counter stats for './fluid_sim_par':

    67,219,496,793      cycles                                                        (57.16%)
    95,068,354,391      instructions              #    1.41  insn per cycle                                              (71.41%)
        11,292,163      branch-misses                                                 (71.41%)
    22,172,014,621      L1-dcache-loads                                               (69.53%)
     2,056,795,048      L1-dcache-load-misses     #    9.28% of all L1-dcache hits    (28.59%)
           270,772      mem-loads                                                     (30.22%)
     4,747,549,598      mem-stores                                                    (42.88%)

       1.530409819 seconds time elapsed

      25.442644000 seconds user
       0.145015000 seconds sys

OMP_NUM_THREADS: 18
Total density after 100 timesteps: 140880

 Performance counter stats for './fluid_sim_par':

    85,267,536,742      cycles                                                        (57.10%)
    94,239,782,834      instructions              #    1.11  insn per cycle                                              (71.40%)
        13,641,422      branch-misses                                                 (71.41%)
    22,190,511,777      L1-dcache-loads                                               (71.27%)
     2,017,902,302      L1-dcache-load-misses     #    9.09% of all L1-dcache hits    (28.59%)
                 0      mem-loads                                                     (28.54%)
     4,702,375,175      mem-stores                                                    (42.80%)

       1.722681008 seconds time elapsed

      30.591947000 seconds user
       0.136017000 seconds sys

OMP_NUM_THREADS: 19
Total density after 100 timesteps: 140880

 Performance counter stats for './fluid_sim_par':

    91,780,174,448      cycles                                                        (57.08%)
    96,249,474,358      instructions              #    1.05  insn per cycle                                              (71.39%)
        13,917,058      branch-misses                                                 (71.40%)
    22,313,642,374      L1-dcache-loads                                               (71.31%)
     2,073,910,788      L1-dcache-load-misses     #    9.29% of all L1-dcache hits    (28.60%)
                 0      mem-loads                                                     (28.54%)
     4,744,391,708      mem-stores                                                    (42.80%)

       1.758277771 seconds time elapsed

      32.940735000 seconds user
       0.141020000 seconds sys

OMP_NUM_THREADS: 20
Total density after 100 timesteps: 140880

 Performance counter stats for './fluid_sim_par':

   104,020,038,450      cycles                                                        (57.09%)
    95,198,426,156      instructions              #    0.92  insn per cycle                                              (71.39%)
        15,026,556      branch-misses                                                 (71.39%)
    22,270,818,405      L1-dcache-loads                                               (71.31%)
     2,045,336,227      L1-dcache-load-misses     #    9.18% of all L1-dcache hits    (28.61%)
                 0      mem-loads                                                     (28.56%)
     4,735,160,428      mem-stores                                                    (42.81%)

       1.891416082 seconds time elapsed

      37.323057000 seconds user
       0.166991000 seconds sys

OMP_NUM_THREADS: 21
Total density after 100 timesteps: 140880

 Performance counter stats for './fluid_sim_par':

    92,186,933,650      cycles                                                        (57.09%)
   100,079,550,919      instructions              #    1.09  insn per cycle                                              (71.39%)
        12,923,594      branch-misses                                                 (71.44%)
    22,961,113,895      L1-dcache-loads                                               (62.66%)
     2,057,434,247      L1-dcache-load-misses     #    8.96% of all L1-dcache hits    (28.61%)
         1,469,073      mem-loads                                                     (34.04%)
     4,738,485,674      mem-stores                                                    (44.81%)

       1.600552924 seconds time elapsed

      33.112893000 seconds user
       0.141990000 seconds sys

OMP_NUM_THREADS: 22
Total density after 100 timesteps: 140880

 Performance counter stats for './fluid_sim_par':

    97,358,552,527      cycles                                                        (57.09%)
   101,934,021,274      instructions              #    1.05  insn per cycle                                              (71.41%)
        13,504,393      branch-misses                                                 (71.47%)
    23,173,942,775      L1-dcache-loads                                               (68.38%)
     2,100,927,632      L1-dcache-load-misses     #    9.07% of all L1-dcache hits    (28.53%)
           433,717      mem-loads                                                     (31.29%)
     4,711,330,846      mem-stores                                                    (42.78%)

       1.615614283 seconds time elapsed

      35.032396000 seconds user
       0.157970000 seconds sys

OMP_NUM_THREADS: 23
Total density after 100 timesteps: 140880

 Performance counter stats for './fluid_sim_par':

   114,156,037,144      cycles                                                        (57.19%)
   102,306,194,690      instructions              #    0.90  insn per cycle                                              (71.50%)
        14,629,507      branch-misses                                                 (71.47%)
    23,168,575,936      L1-dcache-loads                                               (66.85%)
     2,062,322,970      L1-dcache-load-misses     #    8.90% of all L1-dcache hits    (28.54%)
           148,444      mem-loads                                                     (31.61%)
     4,758,591,362      mem-stores                                                    (44.12%)

       1.805466968 seconds time elapsed

      41.028717000 seconds user
       0.147041000 seconds sys

OMP_NUM_THREADS: 24
Total density after 100 timesteps: 140880

 Performance counter stats for './fluid_sim_par':

   114,623,544,964      cycles                                                        (57.11%)
   100,491,676,258      instructions              #    0.88  insn per cycle                                              (71.40%)
        14,791,749      branch-misses                                                 (71.41%)
    22,933,276,572      L1-dcache-loads                                               (71.25%)
     2,065,474,954      L1-dcache-load-misses     #    9.01% of all L1-dcache hits    (28.59%)
                 0      mem-loads                                                     (28.55%)
     4,729,758,357      mem-stores                                                    (42.81%)

       1.737079790 seconds time elapsed

      41.186977000 seconds user
       0.123984000 seconds sys

OMP_NUM_THREADS: 25
Total density after 100 timesteps: 140880

 Performance counter stats for './fluid_sim_par':

   136,576,976,653      cycles                                                        (57.05%)
   109,318,363,024      instructions              #    0.80  insn per cycle                                              (71.37%)
        15,385,545      branch-misses                                                 (71.43%)
    24,400,253,696      L1-dcache-loads                                               (65.51%)
     2,005,191,177      L1-dcache-load-misses     #    8.22% of all L1-dcache hits    (29.52%)
           646,199      mem-loads                                                     (32.27%)
     4,698,995,514      mem-stores                                                    (43.25%)

       1.986015192 seconds time elapsed

      49.043691000 seconds user
       0.201974000 seconds sys

OMP_NUM_THREADS: 26
Total density after 100 timesteps: 140880

 Performance counter stats for './fluid_sim_par':

   166,449,056,440      cycles                                                        (56.56%)
   113,400,719,146      instructions              #    0.68  insn per cycle                                              (70.80%)
        17,718,393      branch-misses                                                 (70.93%)
    24,900,733,535      L1-dcache-loads                                               (64.00%)
     2,095,158,538      L1-dcache-load-misses     #    8.41% of all L1-dcache hits    (30.73%)
           661,288      mem-loads                                                     (32.33%)
     4,737,253,892      mem-stores                                                    (43.08%)

       2.324677953 seconds time elapsed

      59.847006000 seconds user
       0.185975000 seconds sys

OMP_NUM_THREADS: 27
Total density after 100 timesteps: 140880

 Performance counter stats for './fluid_sim_par':

   163,251,299,928      cycles                                                        (56.99%)
   113,629,384,096      instructions              #    0.70  insn per cycle                                              (71.29%)
        17,726,712      branch-misses                                                 (71.36%)
    24,788,134,867      L1-dcache-loads                                               (66.53%)
     2,072,705,942      L1-dcache-load-misses     #    8.36% of all L1-dcache hits    (28.62%)
         1,530,000      mem-loads                                                     (31.86%)
     4,739,283,049      mem-stores                                                    (43.16%)

       2.198516407 seconds time elapsed

      58.694809000 seconds user
       0.211992000 seconds sys

OMP_NUM_THREADS: 28
Total density after 100 timesteps: 140880

 Performance counter stats for './fluid_sim_par':

   119,147,170,450      cycles                                                        (56.49%)
   105,456,260,998      instructions              #    0.89  insn per cycle                                              (70.74%)
        14,307,749      branch-misses                                                 (70.87%)
    23,818,832,064      L1-dcache-loads                                               (63.43%)
     2,141,766,508      L1-dcache-load-misses     #    8.99% of all L1-dcache hits    (28.98%)
         2,843,205      mem-loads                                                     (32.69%)
     4,836,806,419      mem-stores                                                    (43.28%)

       1.554040836 seconds time elapsed

      42.850224000 seconds user
       0.190000000 seconds sys

OMP_NUM_THREADS: 29
Total density after 100 timesteps: 140880

 Performance counter stats for './fluid_sim_par':

   204,502,899,636      cycles                                                        (56.81%)
   112,214,896,998      instructions              #    0.55  insn per cycle                                              (71.09%)
        20,691,535      branch-misses                                                 (71.21%)
    25,033,939,409      L1-dcache-loads                                               (61.43%)
     2,082,790,182      L1-dcache-load-misses     #    8.32% of all L1-dcache hits    (29.76%)
         1,472,040      mem-loads                                                     (33.77%)
     4,777,084,914      mem-stores                                                    (44.04%)

       2.666176560 seconds time elapsed

      76.458023000 seconds user
       0.215994000 seconds sys

OMP_NUM_THREADS: 30
Total density after 100 timesteps: 140880

 Performance counter stats for './fluid_sim_par':

   185,520,041,385      cycles                                                        (56.49%)
   116,018,733,844      instructions              #    0.63  insn per cycle                                              (70.79%)
        19,995,591      branch-misses                                                 (70.68%)
    25,222,078,554      L1-dcache-loads                                               (62.93%)
     2,137,584,302      L1-dcache-load-misses     #    8.48% of all L1-dcache hits    (29.82%)
         2,438,304      mem-loads                                                     (32.94%)
     4,763,105,585      mem-stores                                                    (43.59%)

       2.251470971 seconds time elapsed

      66.821612000 seconds user
       0.240980000 seconds sys

OMP_NUM_THREADS: 31
Total density after 100 timesteps: 140880

 Performance counter stats for './fluid_sim_par':

   202,690,433,582      cycles                                                        (56.31%)
   115,254,211,388      instructions              #    0.57  insn per cycle                                              (70.55%)
        20,570,517      branch-misses                                                 (70.99%)
    25,215,719,638      L1-dcache-loads                                               (58.53%)
     2,134,943,448      L1-dcache-load-misses     #    8.47% of all L1-dcache hits    (31.20%)
         1,586,924      mem-loads                                                     (34.21%)
     4,778,496,550      mem-stores                                                    (44.38%)

       2.379722144 seconds time elapsed

      73.011307000 seconds user
       0.218967000 seconds sys

OMP_NUM_THREADS: 32
Total density after 100 timesteps: 140880

 Performance counter stats for './fluid_sim_par':

   232,561,278,724      cycles                                                        (56.02%)
   117,757,184,923      instructions              #    0.51  insn per cycle                                              (70.26%)
        22,520,152      branch-misses                                                 (70.44%)
    25,503,812,944      L1-dcache-loads                                               (58.66%)
     2,149,472,308      L1-dcache-load-misses     #    8.43% of all L1-dcache hits    (30.94%)
         1,711,027      mem-loads                                                     (34.03%)
     4,780,252,741      mem-stores                                                    (44.26%)

       2.642669050 seconds time elapsed

      83.738687000 seconds user
       0.290912000 seconds sys

OMP_NUM_THREADS: 33
Total density after 100 timesteps: 140880

 Performance counter stats for './fluid_sim_par':

   205,381,991,750      cycles                                                        (55.89%)
   119,281,844,416      instructions              #    0.58  insn per cycle                                              (70.09%)
        20,509,341      branch-misses                                                 (70.53%)
    25,761,708,872      L1-dcache-loads                                               (60.16%)
     2,121,368,749      L1-dcache-load-misses     #    8.23% of all L1-dcache hits    (31.16%)
         2,427,906      mem-loads                                                     (32.85%)
     4,803,082,931      mem-stores                                                    (43.20%)

       2.268147511 seconds time elapsed

      73.993770000 seconds user
       0.239979000 seconds sys

OMP_NUM_THREADS: 34
Total density after 100 timesteps: 140880

 Performance counter stats for './fluid_sim_par':

   258,020,264,970      cycles                                                        (56.08%)
   119,829,281,314      instructions              #    0.46  insn per cycle                                              (70.32%)
        23,390,958      branch-misses                                                 (70.63%)
    25,650,074,844      L1-dcache-loads                                               (60.98%)
     2,155,774,690      L1-dcache-load-misses     #    8.40% of all L1-dcache hits    (30.22%)
         2,862,097      mem-loads                                                     (33.26%)
     4,761,662,175      mem-stores                                                    (43.26%)

       2.759807157 seconds time elapsed

      92.978410000 seconds user
       0.301998000 seconds sys

OMP_NUM_THREADS: 35
Total density after 100 timesteps: 140880

 Performance counter stats for './fluid_sim_par':

   146,868,777,302      cycles                                                        (56.32%)
   109,875,753,519      instructions              #    0.75  insn per cycle                                              (70.58%)
        15,801,441      branch-misses                                                 (70.85%)
    24,386,177,772      L1-dcache-loads                                               (61.15%)
     2,133,434,574      L1-dcache-load-misses     #    8.75% of all L1-dcache hits    (29.99%)
         2,700,290      mem-loads                                                     (32.81%)
     4,807,714,383      mem-stores                                                    (43.17%)

       1.534499561 seconds time elapsed

      53.030935000 seconds user
       0.080986000 seconds sys

OMP_NUM_THREADS: 36
Total density after 100 timesteps: 140880

 Performance counter stats for './fluid_sim_par':

   256,305,725,075      cycles                                                        (55.13%)
   119,889,195,722      instructions              #    0.47  insn per cycle                                              (69.21%)
        23,697,486      branch-misses                                                 (69.63%)
    25,806,522,740      L1-dcache-loads                                               (61.60%)
     2,154,727,811      L1-dcache-load-misses     #    8.35% of all L1-dcache hits    (29.94%)
         3,981,571      mem-loads                                                     (32.15%)
     4,800,401,402      mem-stores                                                    (42.10%)

       2.592495167 seconds time elapsed

      92.391633000 seconds user
       0.307852000 seconds sys

OMP_NUM_THREADS: 37
Total density after 100 timesteps: 140880

 Performance counter stats for './fluid_sim_par':

   293,997,524,575      cycles                                                        (49.96%)
   124,676,669,280      instructions              #    0.42  insn per cycle                                              (63.66%)
        27,651,699      branch-misses                                                 (63.93%)
    26,547,238,868      L1-dcache-loads                                               (54.27%)
     2,175,078,776      L1-dcache-load-misses     #    8.19% of all L1-dcache hits    (35.34%)
         1,763,892      mem-loads                                                     (31.44%)
     4,822,218,681      mem-stores                                                    (40.54%)

       2.891390370 seconds time elapsed

     105.946583000 seconds user
       0.317992000 seconds sys

OMP_NUM_THREADS: 38
Total density after 100 timesteps: 140880

 Performance counter stats for './fluid_sim_par':

   303,515,001,148      cycles                                                        (51.79%)
   124,900,152,778      instructions              #    0.41  insn per cycle                                              (65.67%)
        28,143,624      branch-misses                                                 (66.64%)
    26,507,553,318      L1-dcache-loads                                               (55.24%)
     2,174,138,315      L1-dcache-load-misses     #    8.20% of all L1-dcache hits    (34.98%)
         1,695,129      mem-loads                                                     (31.89%)
     4,828,265,440      mem-stores                                                    (41.10%)

       2.918393992 seconds time elapsed

     109.399289000 seconds user
       0.367846000 seconds sys

OMP_NUM_THREADS: 39
Total density after 100 timesteps: 140880

 Performance counter stats for './fluid_sim_par':

   343,669,783,121      cycles                                                        (55.41%)
   122,888,024,692      instructions              #    0.36  insn per cycle                                              (69.53%)
        29,307,180      branch-misses                                                 (70.01%)
    26,222,777,629      L1-dcache-loads                                               (59.36%)
     2,181,761,358      L1-dcache-load-misses     #    8.32% of all L1-dcache hits    (29.75%)
         4,285,619      mem-loads                                                     (32.96%)
     4,856,348,145      mem-stores                                                    (42.88%)

       3.212358852 seconds time elapsed

     124.039723000 seconds user
       0.305962000 seconds sys

OMP_NUM_THREADS: 40
Total density after 100 timesteps: 140880

 Performance counter stats for './fluid_sim_par':

   334,666,395,206      cycles                                                        (53.08%)
   126,174,216,605      instructions              #    0.38  insn per cycle                                              (66.87%)
        29,020,774      branch-misses                                                 (67.22%)
    26,752,783,348      L1-dcache-loads                                               (57.69%)
     2,196,720,520      L1-dcache-load-misses     #    8.21% of all L1-dcache hits    (30.59%)
         4,224,919      mem-loads                                                     (31.95%)
     4,834,435,679      mem-stores                                                    (41.38%)

       3.045287251 seconds time elapsed

     120.678827000 seconds user
       0.390876000 seconds sys